Using pre-set license
Built from '2020.3/staging' branch; Version is '2020.3.20f1 (41c4e627c95f) revision 4310246'; Using compiler version '192528614'; Build Type 'Release'
OS: 'Windows 10 Enterprise; OS build 19042.928; Version 2009; 64bit' Language: 'en' Physical Memory: 16230 MB
BatchMode: 1, IsHumanControllingUs: 0, StartBugReporterOnCrash: 0, Is64bit: 1, IsPro: 0

COMMAND LINE ARGUMENTS:
C:\Users\ecampbell\Game Dev\2020.3.20f1\Editor\Unity.exe
-adb2
-batchMode
-noUpm
-name
AssetImportWorker0
-projectPath
C:/Users/ecampbell/Game Dev/Final Project - Basketball Game
-logFile
Logs/AssetImportWorker0.log
-srvPort
63609
Successfully changed project path to: C:/Users/ecampbell/Game Dev/Final Project - Basketball Game
C:/Users/ecampbell/Game Dev/Final Project - Basketball Game
Using Asset Import Pipeline V2.
Refreshing native plugins compatible for Editor in 104.18 ms, found 2 plugins.
Preloading 0 native plugins for Editor in 0.00 ms.
Initialize engine version: 2020.3.20f1 (41c4e627c95f)
[Subsystems] Discovering subsystems at path C:/Users/ecampbell/Game Dev/2020.3.20f1/Editor/Data/Resources/UnitySubsystems
[Subsystems] Discovering subsystems at path C:/Users/ecampbell/Game Dev/Final Project - Basketball Game/Assets
GfxDevice: creating device client; threaded=0
Direct3D:
    Version:  Direct3D 11.0 [level 11.1]
    Renderer: NVIDIA Quadro P2000 (ID=0x1cba)
    Vendor:   
    VRAM:     4018 MB
    Driver:   27.21.14.5296
Initialize mono
Mono path[0] = 'C:/Users/ecampbell/Game Dev/2020.3.20f1/Editor/Data/Managed'
Mono path[1] = 'C:/Users/ecampbell/Game Dev/2020.3.20f1/Editor/Data/MonoBleedingEdge/lib/mono/unityjit'
Mono config path = 'C:/Users/ecampbell/Game Dev/2020.3.20f1/Editor/Data/MonoBleedingEdge/etc'
Using monoOptions --debugger-agent=transport=dt_socket,embedding=1,server=y,suspend=n,address=127.0.0.1:56976
Begin MonoManager ReloadAssembly
Registering precompiled unity dll's ...
Register platform support module: C:/Users/ecampbell/Game Dev/2020.3.20f1/Editor/Data/PlaybackEngines/WindowsStandaloneSupport/UnityEditor.WindowsStandalone.Extensions.dll
Registered in 0.014912 seconds.
Native extension for WindowsStandalone target not found
Refreshing native plugins compatible for Editor in 141.89 ms, found 2 plugins.
Preloading 0 native plugins for Editor in 0.00 ms.
Mono: successfully reloaded assembly
- Completed reload, in  6.070 seconds
Domain Reload Profiling:
	ReloadAssembly (6071ms)
		BeginReloadAssembly (201ms)
			ExecutionOrderSort (0ms)
			DisableScriptedObjects (0ms)
			BackupInstance (0ms)
			ReleaseScriptingObjects (0ms)
			CreateAndSetChildDomain (1ms)
		EndReloadAssembly (2097ms)
			LoadAssemblies (199ms)
			RebuildTransferFunctionScriptingTraits (0ms)
			SetupTypeCache (775ms)
			ReleaseScriptCaches (0ms)
			RebuildScriptCaches (149ms)
			SetupLoadedEditorAssemblies (788ms)
				LogAssemblyErrors (0ms)
				InitializePlatformSupportModulesInManaged (20ms)
				SetLoadedEditorAssemblies (1ms)
				RefreshPlugins (142ms)
				BeforeProcessingInitializeOnLoad (96ms)
				ProcessInitializeOnLoadAttributes (392ms)
				ProcessInitializeOnLoadMethodAttributes (136ms)
				AfterProcessingInitializeOnLoad (0ms)
				EditorAssembliesLoaded (1ms)
			ExecutionOrderSort2 (0ms)
			AwakeInstancesAfterBackupRestoration (0ms)
Platform modules already initialized, skipping
Registering precompiled user dll's ...
Registered in 0.031293 seconds.
Begin MonoManager ReloadAssembly
Native extension for WindowsStandalone target not found
Refreshing native plugins compatible for Editor in 0.37 ms, found 2 plugins.
Preloading 0 native plugins for Editor in 0.00 ms.
Mono: successfully reloaded assembly
- Completed reload, in  3.315 seconds
Domain Reload Profiling:
	ReloadAssembly (3318ms)
		BeginReloadAssembly (721ms)
			ExecutionOrderSort (0ms)
			DisableScriptedObjects (21ms)
			BackupInstance (0ms)
			ReleaseScriptingObjects (0ms)
			CreateAndSetChildDomain (72ms)
		EndReloadAssembly (2249ms)
			LoadAssemblies (444ms)
			RebuildTransferFunctionScriptingTraits (0ms)
			SetupTypeCache (759ms)
			ReleaseScriptCaches (0ms)
			RebuildScriptCaches (70ms)
			SetupLoadedEditorAssemblies (912ms)
				LogAssemblyErrors (0ms)
				InitializePlatformSupportModulesInManaged (9ms)
				SetLoadedEditorAssemblies (1ms)
				RefreshPlugins (1ms)
				BeforeProcessingInitializeOnLoad (160ms)
				ProcessInitializeOnLoadAttributes (701ms)
				ProcessInitializeOnLoadMethodAttributes (15ms)
				AfterProcessingInitializeOnLoad (26ms)
				EditorAssembliesLoaded (1ms)
			ExecutionOrderSort2 (0ms)
			AwakeInstancesAfterBackupRestoration (26ms)
Platform modules already initialized, skipping
========================================================================
Worker process is ready to serve import requests
Launched and connected shader compiler UnityShaderCompiler.exe after 0.29 seconds
Refreshing native plugins compatible for Editor in 0.86 ms, found 2 plugins.
Preloading 0 native plugins for Editor in 0.00 ms.
Unloading 1399 Unused Serialized files (Serialized files now loaded: 0)
System memory in use before: 64.9 MB.
System memory in use after: 65.0 MB.

Unloading 16 unused Assets to reduce memory usage. Loaded Objects now: 1834.
Total: 9.424400 ms (FindLiveObjects: 0.563500 ms CreateObjectMapping: 0.200400 ms MarkObjects: 8.435300 ms  DeleteObjects: 0.220900 ms)

AssetImportParameters requested are different than current active one (requested -> active):
  custom:framework-win-MediaFoundation: 216162199b28c13a410421893ffa2e32 -> 
  custom:video-decoder-ogg-theora: a1e56fd34408186e4bbccfd4996cb3dc -> 
  custom:container-muxer-webm: aa71ff27fc2769a1b78a27578f13a17b -> 
  custom:container-demuxer-webm: 4f35f7cbe854078d1ac9338744f61a02 -> 
  custom:container-demuxer-ogg: 62fdf1f143b41e24485cea50d1cbac27 -> 
  custom:video-encoder-webm-vp8: eb34c28f22e8b96e1ab97ce403110664 -> 
  custom:video-decoder-webm-vp8: 9c59270c3fd7afecdb556c50c9e8de78 -> 
  custom:audio-decoder-ogg-vorbis: bf7c407c2cedff20999df2af8eb42d56 -> 
  custom:audio-encoder-webm-vorbis: bf7c407c2cedff20999df2af8eb42d56 -> 
========================================================================
Received Import Request.
  path: Assets/Scenes
  artifactKey: Guid(9d9f5aeb99d4c2e4c83d45e2afaaecf9) Importer(815301076,1909f56bfc062723c751e8b465ee728b)
Start importing Assets/Scenes using Guid(9d9f5aeb99d4c2e4c83d45e2afaaecf9) Importer(815301076,1909f56bfc062723c751e8b465ee728b)  -> (artifact id: '31273e1fee127d436dd2f804063d1473') in 0.019852 seconds 
  Import took 0.028307 seconds .

========================================================================
Received Import Request.
  Time since last request: 0.000921 seconds.
  path: Assets/Scenes/SampleScene.unity
  artifactKey: Guid(9fc0d4010bbf28b4594072e72b8655ab) Importer(815301076,1909f56bfc062723c751e8b465ee728b)
Start importing Assets/Scenes/SampleScene.unity using Guid(9fc0d4010bbf28b4594072e72b8655ab) Importer(815301076,1909f56bfc062723c751e8b465ee728b)  -> (artifact id: '85059f4f9e1a832ed95adaa0d25c5c4c') in 0.044313 seconds 
  Import took 0.055679 seconds .

========================================================================
Received Import Request.
  Time since last request: 9.904060 seconds.
  path: Assets/Scenes/GameScene.unity
  artifactKey: Guid(9fc0d4010bbf28b4594072e72b8655ab) Importer(815301076,1909f56bfc062723c751e8b465ee728b)
Start importing Assets/Scenes/GameScene.unity using Guid(9fc0d4010bbf28b4594072e72b8655ab) Importer(815301076,1909f56bfc062723c751e8b465ee728b)  -> (artifact id: '682366d9821b0309fbf90d664b092be1') in 0.005270 seconds 
  Import took 0.010304 seconds .

========================================================================
Received Import Request.
  Time since last request: 429.677989 seconds.
  path: Assets
  artifactKey: Guid(00000000000000001000000000000000) Importer(815301076,1909f56bfc062723c751e8b465ee728b)
Start importing Assets using Guid(00000000000000001000000000000000) Importer(815301076,1909f56bfc062723c751e8b465ee728b)  -> (artifact id: '42d402b061de3733987d63b9cc3b64de') in 0.012981 seconds 
  Import took 0.033968 seconds .

========================================================================
Received Import Request.
  Time since last request: 11.657172 seconds.
  path: Assets/Materials
  artifactKey: Guid(47a1e0b69be4ede4b97eadadc789cb4a) Importer(815301076,1909f56bfc062723c751e8b465ee728b)
Start importing Assets/Materials using Guid(47a1e0b69be4ede4b97eadadc789cb4a) Importer(815301076,1909f56bfc062723c751e8b465ee728b)  -> (artifact id: '953332ce806c6bb80ca072699b96d5b6') in 0.007964 seconds 
  Import took 0.014878 seconds .

========================================================================
Received Import Request.
  Time since last request: 12.937099 seconds.
  path: Assets/Materials/New Material.mat
  artifactKey: Guid(e90a8ac00d8cfc343a895851f9ba68a3) Importer(815301076,1909f56bfc062723c751e8b465ee728b)
Start importing Assets/Materials/New Material.mat using Guid(e90a8ac00d8cfc343a895851f9ba68a3) Importer(815301076,1909f56bfc062723c751e8b465ee728b)  -> (artifact id: 'f407acb7e62bf67c3c45469938b5ba96') in 0.374918 seconds 
  Import took 0.381445 seconds .

========================================================================
Received Import Request.
  Time since last request: 106.771427 seconds.
  path: Assets/Materials/CourtBoarder.mat
  artifactKey: Guid(e90a8ac00d8cfc343a895851f9ba68a3) Importer(815301076,1909f56bfc062723c751e8b465ee728b)
Start importing Assets/Materials/CourtBoarder.mat using Guid(e90a8ac00d8cfc343a895851f9ba68a3) Importer(815301076,1909f56bfc062723c751e8b465ee728b)  -> (artifact id: '23f4dbebb9f2800e200c432304a79c68') in 0.027728 seconds 
  Import took 0.035325 seconds .

========================================================================
Received Import Request.
  Time since last request: 21.652572 seconds.
  path: Assets/Materials/Sidelines.mat
  artifactKey: Guid(e90a8ac00d8cfc343a895851f9ba68a3) Importer(815301076,1909f56bfc062723c751e8b465ee728b)
Start importing Assets/Materials/Sidelines.mat using Guid(e90a8ac00d8cfc343a895851f9ba68a3) Importer(815301076,1909f56bfc062723c751e8b465ee728b)  -> (artifact id: 'a0b1e303af93f1eb5642a0f8a1352f18') in 0.032448 seconds 
  Import took 0.038111 seconds .

========================================================================
Received Import Request.
  Time since last request: 277.791994 seconds.
  path: Assets/Materials/Sidelines.mat
  artifactKey: Guid(e90a8ac00d8cfc343a895851f9ba68a3) Importer(815301076,1909f56bfc062723c751e8b465ee728b)
Start importing Assets/Materials/Sidelines.mat using Guid(e90a8ac00d8cfc343a895851f9ba68a3) Importer(815301076,1909f56bfc062723c751e8b465ee728b)  -> (artifact id: 'd487446ca39f8ebd1d89f84d715b3097') in 0.048323 seconds 
  Import took 0.060959 seconds .

========================================================================
Received Import Request.
  Time since last request: 520.948353 seconds.
  path: Assets/GameArt
  artifactKey: Guid(d62906acd9956ca4b943c0d70cdb1d5a) Importer(815301076,1909f56bfc062723c751e8b465ee728b)
Start importing Assets/GameArt using Guid(d62906acd9956ca4b943c0d70cdb1d5a) Importer(815301076,1909f56bfc062723c751e8b465ee728b)  -> (artifact id: '487522b318ea37a92d223c82933b23b2') in 0.005071 seconds 
  Import took 0.017116 seconds .

========================================================================
Received Import Request.
  Time since last request: 76.267428 seconds.
  path: Assets/GameArt/bball
  artifactKey: Guid(18f6cf25cca47894996c9c5e870773e3) Importer(815301076,1909f56bfc062723c751e8b465ee728b)
Start importing Assets/GameArt/bball using Guid(18f6cf25cca47894996c9c5e870773e3) Importer(815301076,1909f56bfc062723c751e8b465ee728b)  -> (artifact id: '917230064a073c6a809e1023f55c6420') in 0.004941 seconds 
  Import took 0.008746 seconds .

========================================================================
Received Import Request.
  Time since last request: 0.074135 seconds.
  path: Assets/GameArt/bball/t.basketball.png
  artifactKey: Guid(e8f9a250e5b3da54fb44f6ae2b630a8d) Importer(815301076,1909f56bfc062723c751e8b465ee728b)
Start importing Assets/GameArt/bball/t.basketball.png using Guid(e8f9a250e5b3da54fb44f6ae2b630a8d) Importer(815301076,1909f56bfc062723c751e8b465ee728b)  -> (artifact id: '846dcce74c101d21fd98a936d6f16574') in 0.232156 seconds 
  Import took 0.242672 seconds .

========================================================================
Received Import Request.
  Time since last request: 1.849433 seconds.
  path: Assets/GameArt/bball.zip
  artifactKey: Guid(29601c25d07d34d4e855dade66503291) Importer(815301076,1909f56bfc062723c751e8b465ee728b)
Start importing Assets/GameArt/bball.zip using Guid(29601c25d07d34d4e855dade66503291) Importer(815301076,1909f56bfc062723c751e8b465ee728b)  -> (artifact id: '25e9e64903554cba215c4a87b7810f6d') in 0.014071 seconds 
  Import took 0.017928 seconds .

========================================================================
Received Import Request.
  Time since last request: 34.705990 seconds.
  path: Assets/GameArt/bball/__MACOSX
  artifactKey: Guid(a2adccf4ac6282e4493628a16c54a203) Importer(815301076,1909f56bfc062723c751e8b465ee728b)
Start importing Assets/GameArt/bball/__MACOSX using Guid(a2adccf4ac6282e4493628a16c54a203) Importer(815301076,1909f56bfc062723c751e8b465ee728b)  -> (artifact id: '1b8c965a4cef7952490602014dd25f88') in 0.004993 seconds 
  Import took 0.009419 seconds .

AssetImportWorkerClient::OnTransportError - code=2 error=End of file
