Using pre-set license
Built from '2020.3/staging' branch; Version is '2020.3.20f1 (41c4e627c95f) revision 4310246'; Using compiler version '192528614'; Build Type 'Release'
OS: 'Windows 10 Enterprise; OS build 19042.928; Version 2009; 64bit' Language: 'en' Physical Memory: 16230 MB
BatchMode: 1, IsHumanControllingUs: 0, StartBugReporterOnCrash: 0, Is64bit: 1, IsPro: 0

COMMAND LINE ARGUMENTS:
C:\Users\ecampbell\Game Dev\2020.3.20f1\Editor\Unity.exe
-adb2
-batchMode
-noUpm
-name
AssetImportWorker0
-projectPath
C:/Users/ecampbell/Game Dev/Final Project - Basketball Game/Final-BasketballShooter
-logFile
Logs/AssetImportWorker0.log
-srvPort
55884
Successfully changed project path to: C:/Users/ecampbell/Game Dev/Final Project - Basketball Game/Final-BasketballShooter
C:/Users/ecampbell/Game Dev/Final Project - Basketball Game/Final-BasketballShooter
Using Asset Import Pipeline V2.
Refreshing native plugins compatible for Editor in 46.90 ms, found 2 plugins.
Preloading 0 native plugins for Editor in 0.00 ms.
Initialize engine version: 2020.3.20f1 (41c4e627c95f)
[Subsystems] Discovering subsystems at path C:/Users/ecampbell/Game Dev/2020.3.20f1/Editor/Data/Resources/UnitySubsystems
[Subsystems] Discovering subsystems at path C:/Users/ecampbell/Game Dev/Final Project - Basketball Game/Final-BasketballShooter/Assets
GfxDevice: creating device client; threaded=0
Direct3D:
    Version:  Direct3D 11.0 [level 11.1]
    Renderer: NVIDIA Quadro P2000 (ID=0x1cba)
    Vendor:   
    VRAM:     4018 MB
    Driver:   27.21.14.5296
Initialize mono
Mono path[0] = 'C:/Users/ecampbell/Game Dev/2020.3.20f1/Editor/Data/Managed'
Mono path[1] = 'C:/Users/ecampbell/Game Dev/2020.3.20f1/Editor/Data/MonoBleedingEdge/lib/mono/unityjit'
Mono config path = 'C:/Users/ecampbell/Game Dev/2020.3.20f1/Editor/Data/MonoBleedingEdge/etc'
Using monoOptions --debugger-agent=transport=dt_socket,embedding=1,server=y,suspend=n,address=127.0.0.1:56296
Begin MonoManager ReloadAssembly
Registering precompiled unity dll's ...
Register platform support module: C:/Users/ecampbell/Game Dev/2020.3.20f1/Editor/Data/PlaybackEngines/WindowsStandaloneSupport/UnityEditor.WindowsStandalone.Extensions.dll
Registered in 0.003425 seconds.
Native extension for WindowsStandalone target not found
Refreshing native plugins compatible for Editor in 91.14 ms, found 2 plugins.
Preloading 0 native plugins for Editor in 0.00 ms.
Mono: successfully reloaded assembly
- Completed reload, in  4.604 seconds
Domain Reload Profiling:
	ReloadAssembly (4605ms)
		BeginReloadAssembly (98ms)
			ExecutionOrderSort (0ms)
			DisableScriptedObjects (0ms)
			BackupInstance (0ms)
			ReleaseScriptingObjects (0ms)
			CreateAndSetChildDomain (1ms)
		EndReloadAssembly (1551ms)
			LoadAssemblies (94ms)
			RebuildTransferFunctionScriptingTraits (0ms)
			SetupTypeCache (539ms)
			ReleaseScriptCaches (0ms)
			RebuildScriptCaches (125ms)
			SetupLoadedEditorAssemblies (651ms)
				LogAssemblyErrors (0ms)
				InitializePlatformSupportModulesInManaged (13ms)
				SetLoadedEditorAssemblies (1ms)
				RefreshPlugins (91ms)
				BeforeProcessingInitializeOnLoad (57ms)
				ProcessInitializeOnLoadAttributes (339ms)
				ProcessInitializeOnLoadMethodAttributes (149ms)
				AfterProcessingInitializeOnLoad (0ms)
				EditorAssembliesLoaded (1ms)
			ExecutionOrderSort2 (0ms)
			AwakeInstancesAfterBackupRestoration (0ms)
Platform modules already initialized, skipping
Registering precompiled user dll's ...
Registered in 0.029372 seconds.
Begin MonoManager ReloadAssembly
Native extension for WindowsStandalone target not found
Refreshing native plugins compatible for Editor in 0.60 ms, found 2 plugins.
Preloading 0 native plugins for Editor in 0.00 ms.
Mono: successfully reloaded assembly
- Completed reload, in  3.383 seconds
Domain Reload Profiling:
	ReloadAssembly (3386ms)
		BeginReloadAssembly (483ms)
			ExecutionOrderSort (0ms)
			DisableScriptedObjects (13ms)
			BackupInstance (0ms)
			ReleaseScriptingObjects (0ms)
			CreateAndSetChildDomain (49ms)
		EndReloadAssembly (2705ms)
			LoadAssemblies (294ms)
			RebuildTransferFunctionScriptingTraits (0ms)
			SetupTypeCache (982ms)
			ReleaseScriptCaches (1ms)
			RebuildScriptCaches (126ms)
			SetupLoadedEditorAssemblies (1028ms)
				LogAssemblyErrors (0ms)
				InitializePlatformSupportModulesInManaged (15ms)
				SetLoadedEditorAssemblies (1ms)
				RefreshPlugins (1ms)
				BeforeProcessingInitializeOnLoad (235ms)
				ProcessInitializeOnLoadAttributes (735ms)
				ProcessInitializeOnLoadMethodAttributes (16ms)
				AfterProcessingInitializeOnLoad (24ms)
				EditorAssembliesLoaded (1ms)
			ExecutionOrderSort2 (0ms)
			AwakeInstancesAfterBackupRestoration (21ms)
Platform modules already initialized, skipping
========================================================================
Worker process is ready to serve import requests
Launched and connected shader compiler UnityShaderCompiler.exe after 0.25 seconds
Refreshing native plugins compatible for Editor in 1.14 ms, found 2 plugins.
Preloading 0 native plugins for Editor in 0.00 ms.
Unloading 1399 Unused Serialized files (Serialized files now loaded: 0)
System memory in use before: 65.4 MB.
System memory in use after: 65.5 MB.

Unloading 16 unused Assets to reduce memory usage. Loaded Objects now: 1834.
Total: 8.387600 ms (FindLiveObjects: 0.525200 ms CreateObjectMapping: 0.221800 ms MarkObjects: 7.460700 ms  DeleteObjects: 0.176600 ms)

AssetImportParameters requested are different than current active one (requested -> active):
  custom:framework-win-MediaFoundation: 216162199b28c13a410421893ffa2e32 -> 
  custom:video-decoder-ogg-theora: a1e56fd34408186e4bbccfd4996cb3dc -> 
  custom:container-muxer-webm: aa71ff27fc2769a1b78a27578f13a17b -> 
  custom:container-demuxer-webm: 4f35f7cbe854078d1ac9338744f61a02 -> 
  custom:container-demuxer-ogg: 62fdf1f143b41e24485cea50d1cbac27 -> 
  custom:video-encoder-webm-vp8: eb34c28f22e8b96e1ab97ce403110664 -> 
  custom:video-decoder-webm-vp8: 9c59270c3fd7afecdb556c50c9e8de78 -> 
  custom:audio-decoder-ogg-vorbis: bf7c407c2cedff20999df2af8eb42d56 -> 
  custom:audio-encoder-webm-vorbis: bf7c407c2cedff20999df2af8eb42d56 -> 
========================================================================
Received Import Request.
  path: Assets/Materials/Walls.mat
  artifactKey: Guid(d2aa69ff78f44e54db2b5dc990cc3edd) Importer(815301076,1909f56bfc062723c751e8b465ee728b)
Start importing Assets/Materials/Walls.mat using Guid(d2aa69ff78f44e54db2b5dc990cc3edd) Importer(815301076,1909f56bfc062723c751e8b465ee728b)  -> (artifact id: 'f259143962b92b2f6cb3712cb9932d7c') in 0.419505 seconds 
  Import took 0.428635 seconds .

========================================================================
Received Import Request.
  Time since last request: 114.014437 seconds.
  path: Assets/Scenes/GameScene.unity
  artifactKey: Guid(9fc0d4010bbf28b4594072e72b8655ab) Importer(815301076,1909f56bfc062723c751e8b465ee728b)
Start importing Assets/Scenes/GameScene.unity using Guid(9fc0d4010bbf28b4594072e72b8655ab) Importer(815301076,1909f56bfc062723c751e8b465ee728b)  -> (artifact id: '4b5742cfb2e97e3c5304e1f8bb8f345e') in 0.007389 seconds 
  Import took 0.015029 seconds .

========================================================================
Received Import Request.
  Time since last request: 475.263523 seconds.
  path: Assets/Backgrounds
  artifactKey: Guid(7c1de800067e991428d2a2ab1d4a0979) Importer(815301076,1909f56bfc062723c751e8b465ee728b)
Start importing Assets/Backgrounds using Guid(7c1de800067e991428d2a2ab1d4a0979) Importer(815301076,1909f56bfc062723c751e8b465ee728b)  -> (artifact id: 'c119992c4e9b4fbc71f0ee9f08a452a6') in 0.006177 seconds 
  Import took 0.011135 seconds .

========================================================================
Received Import Request.
  Time since last request: 0.056055 seconds.
  path: Assets/Backgrounds/MenuBackground.jpg
  artifactKey: Guid(2683605192140b54ca50cabb13384507) Importer(815301076,1909f56bfc062723c751e8b465ee728b)
Start importing Assets/Backgrounds/MenuBackground.jpg using Guid(2683605192140b54ca50cabb13384507) Importer(815301076,1909f56bfc062723c751e8b465ee728b)  -> (artifact id: '69bc60153cfc3009aa79655661889fb7') in 0.229416 seconds 
  Import took 0.235764 seconds .

========================================================================
Received Import Request.
  Time since last request: 333.321090 seconds.
  path: Assets/Backgrounds/MenuBackground.jpg
  artifactKey: Guid(2683605192140b54ca50cabb13384507) Importer(815301076,1909f56bfc062723c751e8b465ee728b)
Start importing Assets/Backgrounds/MenuBackground.jpg using Guid(2683605192140b54ca50cabb13384507) Importer(815301076,1909f56bfc062723c751e8b465ee728b)  -> (artifact id: '90479e4a642ef58ee8ef2060f7e30ed4') in 0.044885 seconds 
  Import took 0.050086 seconds .

========================================================================
Received Import Request.
  Time since last request: 20.594635 seconds.
  path: Assets/Backgrounds/MenuBackground.jpg
  artifactKey: Guid(2683605192140b54ca50cabb13384507) Importer(815301076,1909f56bfc062723c751e8b465ee728b)
Start importing Assets/Backgrounds/MenuBackground.jpg using Guid(2683605192140b54ca50cabb13384507) Importer(815301076,1909f56bfc062723c751e8b465ee728b)  -> (artifact id: 'b480432d3aea11ec7fbb955c555aca60') in 0.025483 seconds 
  Import took 0.031932 seconds .

========================================================================
Received Import Request.
  Time since last request: 10883.239007 seconds.
  path: Assets/Scenes/Menu.unity
  artifactKey: Guid(71ffbabdf8bb4f245a0f714ea0ead8a8) Importer(815301076,1909f56bfc062723c751e8b465ee728b)
Start importing Assets/Scenes/Menu.unity using Guid(71ffbabdf8bb4f245a0f714ea0ead8a8) Importer(815301076,1909f56bfc062723c751e8b465ee728b)  -> (artifact id: 'bac46d3aab9aef43a6df624649f786bf') in 0.007064 seconds 
  Import took 0.012787 seconds .

AssetImportWorkerClient::OnTransportError - code=2 error=End of file
